Flow report for CDEC_on_DE0_Memory_Editor
Mon Feb 01 10:20:48 2016
Quartus Prime Version 15.1.0 Build 185 10/21/2015 SJ Lite Edition


---------------------
; Table of Contents ;
---------------------
  1. Legal Notice
  2. Flow Summary
  3. Flow Settings
  4. Flow Non-Default Global Settings
  5. Flow Elapsed Time
  6. Flow OS Summary
  7. Flow Log
  8. Flow Messages
  9. Flow Suppressed Messages



----------------
; Legal Notice ;
----------------
Copyright (C) 1991-2015 Altera Corporation. All rights reserved.
Your use of Altera Corporation's design tools, logic functions 
and other software and tools, and its AMPP partner logic 
functions, and any output files from any of the foregoing 
(including device programming or simulation files), and any 
associated documentation or information are expressly subject 
to the terms and conditions of the Altera Program License 
Subscription Agreement, the Altera Quartus Prime License Agreement,
the Altera MegaCore Function License Agreement, or other 
applicable license agreement, including, without limitation, 
that your use is for the sole purpose of programming logic 
devices manufactured by Altera and sold by Altera or its 
authorized distributors.  Please refer to the applicable 
agreement for further details.



+-------------------------------------------------------------------------------+
; Flow Summary                                                                  ;
+---------------------------------+---------------------------------------------+
; Flow Status                     ; Successful - Mon Feb 01 10:20:29 2016       ;
; Quartus Prime Version           ; 15.1.0 Build 185 10/21/2015 SJ Lite Edition ;
; Revision Name                   ; CDEC_on_DE0_Memory_Editor                   ;
; Top-level Entity Name           ; CDEC_on_DE0_Memory_Editor                   ;
; Family                          ; Cyclone V                                   ;
; Device                          ; 5CEBA4F23C7                                 ;
; Timing Models                   ; Final                                       ;
; Logic utilization (in ALMs)     ; 1,404 / 18,480 ( 8 % )                      ;
; Total registers                 ; 1976                                        ;
; Total pins                      ; 206 / 224 ( 92 % )                          ;
; Total virtual pins              ; 0                                           ;
; Total block memory bits         ; 1,037,440 / 3,153,920 ( 33 % )              ;
; Total DSP Blocks                ; 0 / 66 ( 0 % )                              ;
; Total HSSI RX PCSs              ; 0                                           ;
; Total HSSI PMA RX Deserializers ; 0                                           ;
; Total HSSI TX PCSs              ; 0                                           ;
; Total HSSI PMA TX Serializers   ; 0                                           ;
; Total PLLs                      ; 1 / 4 ( 25 % )                              ;
; Total DLLs                      ; 0 / 4 ( 0 % )                               ;
+---------------------------------+---------------------------------------------+


+-----------------------------------------------+
; Flow Settings                                 ;
+-------------------+---------------------------+
; Option            ; Setting                   ;
+-------------------+---------------------------+
; Start date & time ; 02/01/2016 10:18:32       ;
; Main task         ; Compilation               ;
; Revision Name     ; CDEC_on_DE0_Memory_Editor ;
+-------------------+---------------------------+


+------------------------------------------------------------------------------------------------------------------------------------------------+
; Flow Non-Default Global Settings                                                                                                               ;
+-------------------------------------+---------------------------------------------------------------+---------------+-------------+------------+
; Assignment Name                     ; Value                                                         ; Default Value ; Entity Name ; Section Id ;
+-------------------------------------+---------------------------------------------------------------+---------------+-------------+------------+
; COMPILER_SIGNATURE_ID               ; 75361028743646.145428951101444                                ; --            ; --          ; --         ;
; FITTER_EFFORT                       ; Standard Fit                                                  ; Auto Fit      ; --          ; --         ;
; MAX_CORE_JUNCTION_TEMP              ; 85                                                            ; --            ; --          ; --         ;
; MIN_CORE_JUNCTION_TEMP              ; 0                                                             ; --            ; --          ; --         ;
; MISC_FILE                           ; DE0_CV_QSYS/synthesis/../DE0_CV_QSYS.cmp                      ; --            ; --          ; --         ;
; MISC_FILE                           ; DE0_CV_QSYS/synthesis/../../DE0_CV_QSYS.qsys                  ; --            ; --          ; --         ;
; OPTIMIZATION_TECHNIQUE              ; Speed                                                         ; Balanced      ; --          ; --         ;
; OUTPUT_IO_TIMING_FAR_END_VMEAS      ; Half Signal Swing                                             ; --            ; --          ; --         ;
; OUTPUT_IO_TIMING_FAR_END_VMEAS      ; Half Signal Swing                                             ; --            ; --          ; --         ;
; OUTPUT_IO_TIMING_NEAR_END_VMEAS     ; Half Vccio                                                    ; --            ; --          ; --         ;
; OUTPUT_IO_TIMING_NEAR_END_VMEAS     ; Half Vccio                                                    ; --            ; --          ; --         ;
; PARTITION_COLOR                     ; 16764057                                                      ; --            ; --          ; Top        ;
; PARTITION_FITTER_PRESERVATION_LEVEL ; PLACEMENT_AND_ROUTING                                         ; --            ; --          ; Top        ;
; PARTITION_NETLIST_TYPE              ; SOURCE                                                        ; --            ; --          ; Top        ;
; POWER_BOARD_THERMAL_MODEL           ; None (CONSERVATIVE)                                           ; --            ; --          ; --         ;
; POWER_PRESET_COOLING_SOLUTION       ; 23 MM HEAT SINK WITH 200 LFPM AIRFLOW                         ; --            ; --          ; --         ;
; SEARCH_PATH                         ; software/CDME/mem_init/                                       ; --            ; --          ; --         ;
; SLD_FILE                            ; DE0_CV_QSYS/synthesis/DE0_CV_QSYS.regmap                      ; --            ; --          ; --         ;
; SLD_FILE                            ; DE0_CV_QSYS/synthesis/DE0_CV_QSYS.debuginfo                   ; --            ; --          ; --         ;
; SLD_INFO                            ; QSYS_NAME DE0_CV_QSYS HAS_SOPCINFO 1 GENERATION_ID 1452190373 ; --            ; DE0_CV_QSYS ; --         ;
; SOPCINFO_FILE                       ; DE0_CV_QSYS/synthesis/../../DE0_CV_QSYS.sopcinfo              ; --            ; --          ; --         ;
; SYNTHESIS_ONLY_QIP                  ; On                                                            ; --            ; --          ; --         ;
+-------------------------------------+---------------------------------------------------------------+---------------+-------------+------------+


+-------------------------------------------------------------------------------------------------------------------------------+
; Flow Elapsed Time                                                                                                             ;
+---------------------------+--------------+-------------------------+---------------------+------------------------------------+
; Module Name               ; Elapsed Time ; Average Processors Used ; Peak Virtual Memory ; Total CPU Time (on all processors) ;
+---------------------------+--------------+-------------------------+---------------------+------------------------------------+
; Analysis & Synthesis      ; 00:00:31     ; 1.0                     ; 1044 MB             ; 00:00:54                           ;
; Fitter                    ; 00:01:10     ; 1.2                     ; 2754 MB             ; 00:02:42                           ;
; Assembler                 ; 00:00:06     ; 1.0                     ; 887 MB              ; 00:00:06                           ;
; TimeQuest Timing Analyzer ; 00:00:15     ; 1.7                     ; 1341 MB             ; 00:00:23                           ;
; Total                     ; 00:02:02     ; --                      ; --                  ; 00:04:05                           ;
+---------------------------+--------------+-------------------------+---------------------+------------------------------------+


+----------------------------------------------------------------------------------------+
; Flow OS Summary                                                                        ;
+---------------------------+------------------+-----------+------------+----------------+
; Module Name               ; Machine Hostname ; OS Name   ; OS Version ; Processor type ;
+---------------------------+------------------+-----------+------------+----------------+
; Analysis & Synthesis      ; msm04z-PC        ; Windows 7 ; 6.1        ; x86_64         ;
; Fitter                    ; msm04z-PC        ; Windows 7 ; 6.1        ; x86_64         ;
; Assembler                 ; msm04z-PC        ; Windows 7 ; 6.1        ; x86_64         ;
; TimeQuest Timing Analyzer ; msm04z-PC        ; Windows 7 ; 6.1        ; x86_64         ;
+---------------------------+------------------+-----------+------------+----------------+


------------
; Flow Log ;
------------
quartus_map --read_settings_files=on --write_settings_files=off CDEC_on_DE0_Memory_Editor -c CDEC_on_DE0_Memory_Editor
quartus_fit --read_settings_files=off --write_settings_files=off CDEC_on_DE0_Memory_Editor -c CDEC_on_DE0_Memory_Editor
quartus_asm --read_settings_files=off --write_settings_files=off CDEC_on_DE0_Memory_Editor -c CDEC_on_DE0_Memory_Editor
quartus_sta CDEC_on_DE0_Memory_Editor -c CDEC_on_DE0_Memory_Editor



